<?xml version="1.0" encoding="UTF-8"?>
<testng-results ignored="0" total="1" passed="1" failed="0" skipped="0">
  <reporter-output>
  </reporter-output>
  <suite started-at="2025-12-20T17:50:14 IST" name="LambdaTest Suite" finished-at="2025-12-20T17:50:26 IST" duration-ms="12761">
    <groups>
    </groups>
    <test started-at="2025-12-20T17:50:14 IST" name="Single Run" finished-at="2025-12-20T17:50:26 IST" duration-ms="12761">
      <class name="tests.SampleTest">
        <test-method is-config="true" signature="setup()[pri:0, instance:tests.SampleTest@4a94ee4]" started-at="2025-12-20T17:50:14 IST" name="setup" finished-at="2025-12-20T17:50:22 IST" duration-ms="8447" status="PASS">
          <reporter-output>
          </reporter-output>
        </test-method> <!-- setup -->
        <test-method signature="todoAppTest()[pri:0, instance:tests.SampleTest@4a94ee4]" started-at="2025-12-20T17:50:22 IST" name="todoAppTest" finished-at="2025-12-20T17:50:26 IST" duration-ms="3929" status="PASS">
          <reporter-output>
          </reporter-output>
        </test-method> <!-- todoAppTest -->
        <test-method is-config="true" signature="teardown()[pri:0, instance:tests.SampleTest@4a94ee4]" started-at="2025-12-20T17:50:26 IST" name="teardown" finished-at="2025-12-20T17:50:26 IST" duration-ms="334" status="PASS">
          <reporter-output>
          </reporter-output>
        </test-method> <!-- teardown -->
      </class> <!-- tests.SampleTest -->
    </test> <!-- Single Run -->
  </suite> <!-- LambdaTest Suite -->
</testng-results>
